<?xml version="1.0" encoding="UTF-8"?>
<!-- Generated by org.testng.reporters.JUnitXMLReporter -->
<testsuite ignored="0" hostname="LP-TZD-0X138218" failures="1" tests="1" name="ChromeLoginTest" time="14.258" errors="0" timestamp="2026-02-16T10:46:55 IST">
  <testcase classname="com.tests.LoginTest" name="verifyLoginAndTextFromExcel" time="1.393">
    <failure type="java.lang.AssertionError" message="expected [null] but found [You logged into a secure area!]">
      <![CDATA[java.lang.AssertionError: expected [null] but found [You logged into a secure area!]
at com.tests.LoginTest.verifyLoginAndTextFromExcel(LoginTest.java:46)
at java.base/java.util.ArrayList.forEach(ArrayList.java:1596)
... Removed 31 stack frames]]>
    </failure>
  </testcase> <!-- verifyLoginAndTextFromExcel -->
</testsuite> <!-- ChromeLoginTest -->
